22 
49 30 
30959 31203 98830 46198 76864 6779 27350 89592 26840 85206 50481 93232 73953 31512 89548 4463 75692 41777 13650 9618 79600 51487 89403 5839 65489 64456 48584 75200 27227 57247 
221 21 
47015 66391 18439 30788 58210 2939 63931 69314 62039 9653 96568 42072 59295 55582 7527 71305 4511 44632 8930 68448 95958 
904 32 
44885 2428 1856 66038 85665 99157 53883 69792 43209 62037 98418 86160 24938 63021 89214 81671 57341 41572 20175 34195 55707 79128 79888 86671 54659 23015 65717 68927 96194 27513 22015 42169 
81 13 
86279 79511 79916 24063 18456 30539 2707 9268 61114 37652 53156 4736 31106 
936 11 
16142 89443 73598 6219 43530 31663 30600 35974 91792 30618 61472 
416 15 
77021 61303 72703 17330 70897 14666 43182 79390 75226 17636 94715 1804 78105 92947 85126 
629 25 
40469 49084 42790 49760 7430 6335 76198 78674 59031 40806 86651 23563 33843 56522 44767 4119 32770 15381 72254 44432 44720 61500 85930 58470 94070 
703 20 
87338 95323 44773 18747 86675 49064 6977 1560 54963 26371 60396 39512 47401 81481 62254 90768 14638 129 71501 9559 
120 12 
26106 84406 85140 44585 32188 37305 54379 8848 90825 77479 25587 27416 
471 14 
3483 73200 35339 32118 12704 15816 81107 51538 6961 90830 99955 18841 14167 73414 
463 10 
3496 77430 72088 55917 16211 4723 69374 9592 84698 51567 
231 7 
32684 63041 51340 49217 2623 32599 23534 
552 12 
19646 55545 64790 37990 49661 43328 47379 95124 25992 9877 26350 94290 
328 12 
43999 34807 33740 367 19780 96227 53214 49207 81785 25160 33938 19527 
281 8 
34826 61772 28028 44849 35282 98763 58260 39307 
44 8 
67337 7177 27027 19798 11301 6481 12732 48493 
70 7 
51218 46955 64693 39147 12609 59038 69450 
682 7 
2095 36725 64141 71748 99911 62803 37421 
198 4 
67461 85926 72862 43277 
13 2 
27540 35977 
144 2 
2159 86252 
841 3 
53547 18412 97336 
