2409 
1 3 
19 966 53538 
2 3 
18 1000 27830 
3 3 
14 276 8039 
6 3 
16 105 17003 
15 3 
10 556 67120 
22 3 
16 245 63036 
23 3 
14 177 94717 
24 3 
18 162 46413 
37 3 
15 511 90303 
40 3 
13 63 23399 
47 3 
18 46 48077 
48 3 
10 613 18629 
49 3 
14 986 81293 
52 3 
13 986 57152 
63 3 
10 453 56933 
64 3 
18 621 93643 
65 3 
14 962 13259 
66 3 
15 228 93941 
67 3 
14 590 94685 
76 3 
13 195 52262 
79 3 
13 616 57214 
82 3 
19 368 27985 
83 3 
11 10 3022 
94 3 
11 688 5073 
95 3 
18 917 10637 
102 3 
12 753 49620 
115 3 
11 172 12442 
126 3 
16 270 53376 
127 3 
15 359 78831 
130 3 
17 636 69692 
137 3 
14 995 32822 
140 3 
20 883 97929 
147 3 
18 696 55803 
148 3 
12 761 20727 
151 3 
13 722 54759 
152 3 
10 976 77132 
157 3 
17 892 69930 
158 3 
19 624 40294 
165 3 
16 327 63508 
166 3 
10 268 50689 
171 3 
15 635 93496 
174 3 
12 574 90102 
175 3 
17 712 10854 
180 3 
14 874 55609 
183 3 
19 713 4615 
188 3 
12 200 48115 
203 3 
19 649 1580 
206 3 
17 822 86702 
213 3 
17 291 82954 
214 3 
16 306 75742 
225 3 
17 273 32971 
238 3 
13 593 50531 
239 3 
20 875 95767 
240 3 
19 165 72193 
241 3 
20 545 50894 
242 3 
16 833 52263 
243 3 
15 999 83301 
254 3 
11 34 51943 
257 3 
20 944 90826 
258 3 
17 246 31358 
261 3 
14 595 67012 
270 3 
14 588 30657 
281 3 
10 455 2450 
282 3 
15 313 79019 
289 3 
18 18 81783 
296 3 
12 744 85801 
303 3 
20 806 94834 
308 3 
14 505 63946 
311 3 
16 493 85552 
312 3 
12 937 86618 
331 3 
14 136 820 
338 3 
18 61 90322 
339 3 
11 678 83062 
340 3 
13 859 75390 
343 3 
17 295 22962 
346 3 
16 925 28286 
349 3 
15 895 79399 
354 3 
13 843 18398 
355 3 
14 258 19071 
358 3 
17 262 19542 
359 3 
19 32 44010 
362 3 
16 344 42121 
363 3 
14 591 63154 
374 3 
16 759 51938 
377 3 
13 885 35541 
390 3 
10 571 28089 
391 3 
15 260 93512 
396 3 
17 70 52019 
399 3 
18 462 22020 
408 3 
10 382 82337 
415 3 
20 863 32092 
416 3 
14 593 50402 
417 3 
19 209 97175 
428 3 
15 465 17851 
431 3 
15 594 12623 
440 3 
20 304 66016 
445 3 
12 166 48392 
446 3 
10 462 86673 
449 3 
18 247 84510 
450 3 
17 800 71462 
451 3 
10 965 57191 
456 3 
17 838 11567 
457 3 
11 697 76414 
458 3 
20 228 49294 
465 3 
18 880 89483 
472 3 
14 856 91312 
473 3 
14 294 96227 
482 3 
19 418 48876 
483 3 
18 122 70091 
484 3 
12 790 82919 
489 3 
13 672 83537 
490 3 
11 122 63041 
495 3 
11 931 11611 
500 3 
15 458 21122 
509 3 
18 882 38007 
510 3 
13 525 70742 
519 3 
14 817 67506 
542 3 
18 994 50730 
545 3 
16 647 88170 
546 3 
20 682 97651 
555 3 
19 911 95924 
556 3 
18 102 97514 
561 3 
11 572 77865 
562 3 
18 562 42637 
565 3 
11 405 5686 
570 3 
12 444 53696 
573 3 
12 30 11333 
578 3 
12 541 11934 
589 3 
13 444 99234 
594 3 
13 366 57528 
597 3 
11 348 23339 
598 3 
15 445 89948 
599 3 
13 676 66350 
602 3 
20 693 30498 
603 3 
20 998 1373 
606 3 
18 198 71853 
609 3 
14 897 4730 
610 3 
12 952 15156 
613 3 
18 660 81821 
614 3 
17 640 76122 
621 3 
16 71 49613 
626 3 
13 385 53687 
627 3 
19 696 99901 
630 3 
15 571 36443 
637 3 
17 774 94021 
638 3 
13 743 2919 
641 3 
11 465 10099 
642 3 
19 980 33982 
645 3 
11 675 82248 
648 3 
12 19 60475 
649 3 
13 659 98671 
654 3 
16 706 32742 
657 3 
11 834 5053 
660 3 
13 97 79735 
661 3 
20 968 90507 
662 3 
13 440 3536 
663 3 
17 70 86238 
666 3 
13 587 75587 
667 3 
20 967 80288 
674 3 
20 87 50004 
675 3 
16 279 46168 
676 3 
15 347 24367 
685 3 
10 711 2990 
688 3 
11 186 98032 
689 3 
11 130 52532 
700 3 
10 763 26053 
701 3 
11 632 95427 
706 3 
17 963 23327 
707 3 
19 110 9698 
710 3 
20 132 78653 
711 3 
14 533 52069 
714 3 
17 768 538 
727 3 
16 503 39177 
728 3 
10 171 62509 
733 3 
18 853 20034 
738 3 
12 480 11188 
741 3 
12 283 23361 
742 3 
18 323 23439 
749 3 
12 814 51109 
762 3 
15 315 63839 
767 3 
16 793 14871 
768 3 
10 457 51548 
769 3 
15 765 22900 
778 3 
13 634 67526 
779 3 
13 453 31726 
780 3 
19 214 1825 
785 3 
20 128 54925 
790 3 
11 819 48107 
803 3 
18 362 95890 
804 3 
19 681 9260 
807 3 
14 674 48248 
810 3 
11 661 92028 
813 3 
19 382 18158 
814 3 
16 778 15702 
815 3 
13 575 7024 
816 3 
18 256 40669 
817 3 
15 268 42276 
828 3 
13 689 55509 
831 3 
10 95 9153 
832 3 
10 842 92959 
839 3 
13 56 68846 
842 3 
13 337 18123 
843 3 
12 878 24763 
844 3 
12 479 19102 
859 3 
18 628 92703 
860 3 
14 922 7327 
861 3 
16 418 32882 
862 3 
15 880 40199 
865 3 
19 168 83100 
868 3 
17 971 74697 
869 3 
20 647 19737 
870 3 
19 846 73381 
877 3 
16 888 52915 
878 3 
15 514 63795 
891 3 
13 139 57781 
898 3 
11 455 35772 
899 3 
19 791 72857 
900 3 
13 133 27545 
907 3 
17 819 14420 
918 3 
18 914 38542 
921 3 
13 893 40403 
922 3 
11 197 74773 
933 3 
12 683 35660 
938 3 
13 322 26832 
943 3 
12 821 91108 
944 3 
15 71 73673 
951 3 
18 267 57098 
952 3 
15 403 4504 
953 3 
20 479 75117 
954 3 
18 462 71337 
957 3 
13 892 81727 
958 3 
16 679 24587 
959 3 
17 161 41987 
966 3 
10 438 83223 
969 3 
11 609 49961 
976 3 
13 514 56867 
981 3 
18 799 61228 
986 3 
15 642 39157 
987 3 
17 88 65880 
990 3 
13 575 69351 
991 3 
12 668 28743 
994 3 
19 755 36184 
997 3 
17 141 94380 
1002 3 
12 608 17967 
1003 3 
13 872 69952 
1004 3 
14 98 61784 
1007 3 
20 16 44961 
1008 3 
20 302 9698 
1011 3 
12 189 73694 
1012 3 
19 886 73830 
1015 3 
17 694 24174 
1018 3 
17 398 84451 
1019 3 
14 391 61810 
1020 3 
17 120 56870 
1021 3 
16 618 46423 
1026 3 
16 474 61320 
1029 3 
18 149 99657 
1032 3 
13 118 98844 
1033 3 
14 422 87477 
1034 3 
18 208 36181 
1037 3 
17 264 46374 
1040 3 
12 171 14993 
1041 3 
19 957 68164 
1042 3 
10 388 68870 
1049 3 
10 59 58320 
1052 3 
18 860 88433 
1053 3 
20 633 47259 
1054 3 
20 25 96984 
1055 3 
11 742 62647 
1064 3 
15 36 82343 
1075 3 
19 95 7994 
1086 3 
19 146 6251 
1087 3 
11 888 60637 
1088 3 
10 782 45640 
1089 3 
16 121 24361 
1092 3 
18 194 3900 
1095 3 
18 322 35303 
1098 3 
18 618 98366 
1105 3 
12 352 13892 
1108 3 
12 59 15194 
1117 3 
19 175 22597 
1122 3 
19 594 74367 
1125 3 
17 602 70710 
1126 3 
12 579 77202 
1131 3 
11 624 17240 
1134 3 
18 366 73025 
1137 3 
11 890 51636 
1140 3 
16 573 29965 
1143 3 
14 528 11261 
1144 3 
20 941 76637 
1147 3 
13 911 59703 
1148 3 
14 824 50703 
1155 3 
11 937 31265 
1174 3 
11 625 73316 
1177 3 
16 267 44377 
1178 3 
16 301 78101 
1179 3 
19 945 84886 
1180 3 
14 798 42907 
1183 3 
15 383 57738 
1190 3 
11 512 4995 
1191 3 
14 148 26180 
1196 3 
15 658 51525 
1199 3 
18 36 36888 
1204 3 
17 439 84957 
1207 3 
14 508 14492 
1210 3 
12 404 58235 
1217 3 
14 180 25463 
1220 3 
15 895 50660 
1221 3 
20 395 10428 
1228 3 
12 682 88613 
1229 3 
19 682 43191 
1242 3 
11 836 54772 
1253 3 
19 92 11261 
1256 3 
10 460 72931 
1259 3 
16 48 49443 
1264 3 
15 476 11839 
1273 3 
12 914 1758 
1274 3 
18 922 73407 
1277 3 
11 648 24256 
1282 3 
18 674 80785 
1285 3 
19 553 96682 
1290 3 
13 15 42883 
1291 3 
11 668 95042 
1298 3 
19 92 27256 
1299 3 
18 607 80941 
1304 3 
14 688 76981 
1305 3 
20 800 22888 
1308 3 
12 860 85213 
1313 3 
17 292 64780 
1314 3 
13 661 1077 
1319 3 
18 142 76467 
1322 3 
15 970 28278 
1331 3 
19 73 1886 
1336 3 
10 112 56931 
1341 3 
19 343 21020 
1342 3 
11 407 68248 
1349 3 
14 382 21061 
1352 3 
12 781 18067 
1355 3 
19 819 25859 
1374 3 
20 382 36953 
1385 3 
19 909 73186 
1388 3 
14 790 68816 
1389 3 
13 549 34964 
1390 3 
19 422 40336 
1393 3 
11 324 60399 
1396 3 
16 186 86926 
1399 3 
20 297 16741 
1400 3 
19 474 98334 
1401 3 
18 645 70871 
1406 3 
15 517 37996 
1407 3 
14 827 52646 
1416 3 
12 559 26339 
1417 3 
13 909 44311 
1420 3 
11 769 22441 
1423 3 
17 717 77756 
1426 3 
19 150 60134 
1441 3 
17 543 31606 
1446 3 
19 313 90983 
1449 3 
17 825 49035 
1450 3 
11 151 58736 
1451 3 
12 24 47789 
1454 3 
17 124 92496 
1455 3 
20 189 76849 
1456 3 
13 668 44581 
1457 3 
10 495 15760 
1458 3 
14 480 11984 
1459 3 
17 845 40417 
1460 3 
11 457 11737 
1461 3 
19 699 64208 
1462 3 
10 312 69790 
1465 3 
13 58 23684 
1468 3 
11 735 18420 
1473 3 
17 620 47366 
1478 3 
10 229 27330 
1479 3 
13 703 64277 
1486 3 
13 507 59860 
1487 3 
10 187 21311 
1492 3 
14 346 21064 
1493 3 
18 509 36592 
1494 3 
13 764 56873 
1495 3 
17 896 8303 
1496 3 
15 904 29074 
1511 3 
19 502 17134 
1516 3 
19 374 71692 
1519 3 
11 408 67809 
1530 3 
12 255 37432 
1535 3 
10 735 55881 
1538 3 
14 89 37042 
1539 3 
14 332 70860 
1542 3 
17 740 87849 
1543 3 
20 528 68523 
1546 3 
15 90 13507 
1555 3 
20 343 79865 
1558 3 
20 684 93931 
1559 3 
19 280 93255 
1560 3 
11 935 13327 
1561 3 
11 762 84041 
1562 3 
11 425 96681 
1567 3 
14 54 40986 
1570 3 
13 528 49495 
1579 3 
19 659 2747 
1582 3 
16 219 85807 
1583 3 
19 112 5465 
1588 3 
11 751 85964 
1597 3 
12 432 22501 
1598 3 
17 91 71050 
1603 3 
13 867 13502 
1604 3 
13 664 78344 
1613 3 
18 894 10143 
1614 3 
12 961 98662 
1617 3 
17 115 15715 
1618 3 
13 740 29669 
1619 3 
10 983 27433 
1628 3 
17 950 64855 
1637 3 
20 510 95028 
1638 3 
14 303 77522 
1639 3 
10 128 75562 
1642 3 
12 531 47094 
1645 3 
16 560 64424 
1646 3 
10 162 11336 
1655 3 
10 850 12063 
1656 3 
18 529 82912 
1663 3 
15 564 13403 
1664 3 
14 64 1314 
1667 3 
11 158 43633 
1674 3 
14 939 97869 
1677 3 
18 259 48588 
1680 3 
10 627 32286 
1681 3 
15 885 84533 
1682 3 
20 548 86623 
1701 3 
15 829 89782 
1704 3 
13 630 99487 
1707 3 
10 267 76298 
1708 3 
20 218 57493 
1711 3 
13 717 88644 
1712 3 
11 397 38085 
1715 3 
11 581 63271 
1716 3 
15 384 48827 
1721 3 
10 904 73907 
1722 3 
10 805 66304 
1723 3 
12 708 55770 
1726 3 
19 652 74657 
1729 3 
11 153 85977 
1736 3 
20 656 64265 
1739 3 
16 253 11931 
1740 3 
19 635 52517 
1741 3 
18 263 3262 
1742 3 
19 667 60627 
1747 3 
14 521 66366 
1750 3 
14 560 29524 
1751 3 
16 950 49262 
1752 3 
10 918 22214 
1753 3 
17 267 43969 
1754 3 
15 174 73248 
1755 3 
20 645 65429 
1760 3 
17 353 2984 
1761 3 
10 21 43419 
1764 3 
15 961 96567 
1767 3 
13 689 99970 
1768 3 
17 685 60042 
1771 3 
16 799 71164 
1782 3 
16 144 85488 
1797 3 
15 531 79194 
1798 3 
16 875 762 
1809 3 
15 79 44600 
1810 3 
15 278 49743 
1811 3 
12 134 87764 
1814 3 
17 505 90401 
1817 3 
17 666 3159 
1820 3 
18 406 65739 
1827 3 
16 553 9725 
1828 3 
10 613 51773 
1839 3 
13 469 33657 
1840 3 
11 254 39672 
1841 3 
12 341 21598 
1846 3 
11 14 84586 
1851 3 
14 60 41008 
1852 3 
18 318 55840 
1867 3 
16 189 85975 
1872 3 
14 134 75616 
1873 3 
14 652 70855 
1876 3 
17 387 13396 
1879 3 
11 122 98267 
1884 3 
17 870 23882 
1885 3 
11 651 56492 
1892 3 
17 154 88886 
1895 3 
18 906 29085 
1900 3 
11 725 90711 
1901 3 
13 24 53038 
1902 3 
19 520 23681 
1905 3 
14 861 55674 
1906 3 
10 902 73547 
1907 3 
19 782 19779 
1916 3 
12 528 79576 
1919 3 
16 704 712 
1920 3 
10 654 92250 
1925 3 
10 599 72472 
1930 3 
13 738 94458 
1931 3 
19 540 26211 
1932 3 
19 383 2497 
1933 3 
20 503 30858 
1940 3 
13 819 43285 
1943 3 
15 987 69261 
1948 3 
14 107 58662 
1949 3 
16 630 12214 
1950 3 
16 780 56599 
1957 3 
14 382 67312 
1958 3 
15 975 14689 
1959 3 
13 112 87704 
1964 3 
16 1000 57035 
1969 3 
11 902 47516 
1976 3 
18 147 80990 
1977 3 
15 533 71539 
1988 3 
12 289 82931 
1989 3 
12 872 64194 
1990 3 
12 544 66502 
1997 3 
14 203 29225 
2000 3 
19 309 30702 
2003 3 
11 689 95571 
2006 3 
11 897 64387 
2007 3 
10 775 52047 
2012 3 
20 991 99423 
2015 3 
13 127 1657 
2016 3 
16 838 80431 
2025 3 
15 494 78403 
2026 3 
18 940 27714 
2029 3 
16 590 11997 
2036 3 
18 966 67581 
2039 3 
17 624 95133 
2042 3 
10 624 29299 
2047 3 
13 310 74921 
2050 3 
10 909 45171 
2051 3 
16 899 1989 
2056 3 
18 632 86390 
2063 3 
11 454 41654 
2066 3 
14 210 85093 
2067 3 
20 335 90725 
2070 3 
16 918 40106 
2077 3 
19 443 54847 
2078 3 
18 616 10902 
2085 3 
17 921 53513 
2096 3 
10 886 84319 
2097 3 
15 972 35173 
2100 3 
12 652 50191 
2101 3 
20 922 76076 
2102 3 
14 607 68404 
2107 3 
15 599 74600 
2108 3 
18 589 38480 
2113 3 
17 62 3944 
2114 3 
10 391 31763 
2119 3 
11 330 37260 
2124 3 
17 651 68920 
2127 3 
18 477 84801 
2132 3 
12 565 27550 
2145 3 
14 585 78789 
2146 3 
11 18 89565 
2157 3 
13 773 56468 
2158 3 
13 281 66998 
2163 3 
18 71 43299 
2164 3 
13 275 15607 
2169 3 
13 321 84636 
2172 3 
19 333 83320 
2173 3 
15 710 90633 
2184 3 
12 387 36224 
2193 3 
19 568 48051 
2198 3 
14 601 68820 
2203 3 
17 598 25355 
2204 3 
13 307 14165 
2205 3 
14 172 77334 
2218 3 
19 137 66987 
2221 3 
19 588 79457 
2224 3 
10 135 91116 
2225 3 
20 787 72916 
2230 3 
13 376 33006 
2231 3 
12 70 235 
2240 3 
19 518 21361 
2249 3 
12 190 12666 
2250 3 
14 893 32519 
2253 3 
16 712 61262 
2256 3 
20 833 18288 
2259 3 
19 90 22100 
2262 3 
15 919 31593 
2265 3 
19 502 56394 
2266 3 
11 53 19514 
2267 3 
16 580 66275 
2268 3 
11 22 52413 
2269 3 
19 950 73269 
2274 3 
20 604 38830 
2277 3 
14 505 90703 
2280 3 
14 347 45281 
2285 3 
20 357 91565 
2286 3 
13 204 76730 
2295 3 
19 710 10502 
2296 3 
10 835 28134 
2297 3 
15 411 88556 
2298 3 
13 629 19622 
2299 3 
14 20 9114 
2300 3 
14 817 83207 
2301 3 
14 844 36194 
2302 3 
11 240 90914 
2303 3 
12 496 23639 
2308 3 
17 188 83186 
2311 3 
14 795 40855 
2316 3 
12 966 35638 
2321 3 
17 966 99553 
2324 3 
20 769 74626 
2331 3 
12 513 81546 
2338 3 
10 256 45171 
2341 3 
11 174 44110 
2344 3 
10 221 60484 
2345 3 
20 82 27095 
2350 3 
18 137 30320 
2361 3 
14 431 15870 
2362 3 
13 62 4635 
2363 3 
10 95 21585 
2378 3 
16 205 13991 
2379 3 
16 941 80005 
2394 3 
18 168 95147 
2395 3 
15 123 93363 
2396 3 
10 927 89053 
2405 3 
18 846 71010 
2406 3 
16 594 11079 
2417 3 
11 103 54503 
2418 3 
10 104 75893 
2423 3 
14 925 68471 
2424 3 
20 160 29648 
2433 3 
14 683 77121 
2440 3 
17 466 7612 
2441 3 
18 737 69985 
2450 3 
10 784 77346 
2451 3 
12 179 80856 
2452 3 
20 902 45683 
2457 3 
12 666 78920 
2458 3 
11 490 16943 
2459 3 
15 459 56736 
2472 3 
11 988 14031 
2493 3 
17 131 83372 
2494 3 
11 926 39577 
2495 3 
16 223 88224 
2502 3 
18 839 91133 
2507 3 
20 336 67326 
2512 3 
14 527 65883 
2519 3 
16 910 59609 
2520 3 
15 231 11093 
2525 3 
17 829 91190 
2530 3 
19 214 62428 
2531 3 
10 393 21613 
2536 3 
11 250 71546 
2561 3 
17 215 27317 
2562 3 
19 239 12481 
2563 3 
16 319 87606 
2566 3 
18 694 52667 
2567 3 
16 684 37071 
2572 3 
10 600 43724 
2581 3 
20 112 95632 
2584 3 
18 578 35957 
2585 3 
15 867 37493 
2590 3 
17 258 21967 
2599 3 
19 246 62105 
2600 3 
10 139 692 
2603 3 
11 972 44526 
2606 3 
15 11 70051 
2615 3 
19 970 88906 
2616 3 
18 167 34091 
2625 3 
19 949 49898 
2626 3 
17 375 85915 
2627 3 
19 997 34021 
2630 3 
10 231 45602 
2631 3 
16 962 48714 
2638 3 
10 281 67410 
2641 3 
18 279 567 
2642 3 
18 232 56059 
2643 3 
19 335 10194 
2648 3 
20 135 96871 
2649 3 
10 672 4230 
2650 3 
20 613 59358 
2651 3 
11 789 13656 
2652 3 
15 609 92302 
2653 3 
16 234 9505 
2664 3 
13 517 50836 
2679 3 
11 620 93397 
2680 3 
17 942 11151 
2681 3 
11 59 26018 
2682 3 
19 338 31771 
2685 3 
19 825 3148 
2692 3 
12 153 56846 
2703 3 
11 777 89777 
2714 3 
18 760 31243 
2715 3 
19 199 29479 
2716 3 
13 578 40803 
2723 3 
13 143 37548 
2726 3 
20 987 84956 
2729 3 
10 52 86748 
2736 3 
12 624 63147 
2753 3 
15 411 83672 
2754 3 
19 813 73101 
2757 3 
16 374 15350 
2758 3 
10 738 92729 
2763 3 
19 124 47000 
2772 3 
16 151 13524 
2773 3 
18 27 14054 
2776 3 
11 276 4937 
2779 3 
17 531 77743 
2784 3 
13 954 77278 
2789 3 
14 891 36240 
2796 3 
20 750 2963 
2811 3 
10 205 94170 
2820 3 
19 928 19403 
2823 3 
19 486 93768 
2826 3 
15 575 70926 
2829 3 
11 840 4671 
2830 3 
18 198 13455 
2831 3 
12 655 8624 
2832 3 
15 143 13767 
2833 3 
19 970 27964 
2836 3 
12 585 6665 
2843 3 
14 778 81011 
2848 3 
10 962 15548 
2849 3 
20 978 25312 
2850 3 
20 334 1570 
2851 3 
15 832 44819 
2866 3 
16 983 52996 
2869 3 
10 1000 57114 
2872 3 
16 373 55300 
2875 3 
12 14 21665 
2880 3 
20 175 73158 
2883 3 
13 986 15372 
2898 3 
16 109 94319 
2903 3 
15 566 6790 
2904 3 
11 342 98203 
2905 3 
17 580 21302 
2908 3 
12 317 46749 
2911 3 
18 808 21806 
2912 3 
10 586 4106 
2917 3 
18 136 39185 
2920 3 
11 213 51711 
2921 3 
16 932 63508 
2926 3 
12 784 49747 
2929 3 
11 640 30080 
2934 3 
13 561 25622 
2935 3 
10 345 81093 
2938 3 
11 149 40432 
2939 3 
20 638 18866 
2940 3 
11 134 43351 
2941 3 
17 186 1429 
2946 3 
14 127 50770 
2955 3 
20 957 44385 
2956 3 
16 422 81043 
2957 3 
14 270 69811 
2962 3 
15 410 47618 
2965 3 
15 746 31281 
2970 3 
11 790 79316 
2973 3 
11 465 2837 
2978 3 
17 596 81039 
2987 3 
11 256 18609 
2992 3 
16 233 45941 
2993 3 
10 289 6990 
2998 3 
12 76 63503 
2999 3 
10 369 72461 
3004 3 
15 746 12568 
3005 3 
18 55 41467 
3008 3 
19 425 55794 
3009 3 
14 59 24979 
3022 3 
13 630 12418 
3033 3 
17 82 83741 
3038 3 
20 717 13725 
3041 3 
10 926 85521 
3048 3 
18 832 51267 
3049 3 
16 698 12368 
3050 3 
16 171 70285 
3053 3 
12 421 73694 
3058 3 
12 228 63696 
3065 3 
15 874 89432 
3066 3 
12 235 63823 
3067 3 
11 490 72477 
3068 3 
16 122 88266 
3079 3 
20 858 16529 
3084 3 
11 436 70923 
3091 3 
19 811 81365 
3094 3 
19 359 67011 
3103 3 
10 274 86918 
3106 3 
14 957 48032 
3115 3 
20 10 42726 
3116 3 
17 312 21742 
3121 3 
11 380 14816 
3124 3 
16 951 844 
3127 3 
17 911 77737 
3134 3 
12 463 2450 
3139 3 
10 626 22350 
3142 3 
17 177 26210 
3149 3 
11 41 479 
3152 3 
20 576 59470 
3153 3 
18 47 29661 
3158 3 
17 565 68185 
3159 3 
19 427 77585 
3160 3 
13 47 26301 
3167 3 
15 166 39045 
3168 3 
19 424 6668 
3169 3 
10 38 9769 
3170 3 
20 68 92092 
3175 3 
19 563 35912 
3178 3 
16 522 11054 
3179 3 
19 446 19040 
3184 3 
10 908 40995 
3195 3 
20 922 33505 
3198 3 
15 828 21173 
3205 3 
13 13 8878 
3206 3 
19 470 99187 
3213 3 
18 872 69388 
3220 3 
12 804 26513 
3221 3 
14 396 91474 
3222 3 
17 39 96586 
3229 3 
19 116 78409 
3236 3 
10 832 65273 
3237 3 
12 911 77752 
3238 3 
19 296 5959 
3239 3 
18 693 89362 
3256 3 
12 402 98007 
3261 3 
19 313 75862 
3270 3 
11 787 38664 
3271 3 
11 292 91037 
3272 3 
19 129 67136 
3273 3 
15 454 2188 
3288 3 
16 451 56772 
3289 3 
17 722 39748 
3294 3 
17 937 4806 
3303 3 
20 343 51970 
3304 3 
19 913 59868 
3311 3 
13 477 15830 
3324 3 
17 330 13254 
3337 3 
17 948 74258 
3340 3 
10 76 5998 
3341 3 
12 359 36612 
3342 3 
17 347 14877 
3345 3 
19 306 90125 
3348 3 
12 993 27269 
3353 3 
11 260 17072 
3354 3 
15 417 914 
3361 3 
20 148 79914 
3366 3 
17 1000 87585 
3371 3 
17 646 65395 
3384 3 
15 710 26277 
3393 3 
13 610 68639 
3396 3 
20 438 78903 
3399 3 
17 338 11532 
3404 3 
11 247 80998 
3405 3 
19 95 39545 
3406 3 
19 412 78576 
3411 3 
19 413 64372 
3418 3 
13 513 19755 
3431 3 
15 619 45638 
3432 3 
16 321 58009 
3433 3 
12 17 53327 
3442 3 
18 640 7595 
3445 3 
12 192 53285 
3448 3 
15 871 87164 
3457 3 
14 925 69672 
3468 3 
15 777 59254 
3469 3 
11 439 85880 
3470 3 
19 181 78667 
3485 3 
17 153 50848 
3488 3 
14 829 12098 
3495 3 
10 588 22193 
3498 3 
12 193 37597 
3501 3 
11 145 90263 
3518 3 
14 307 84532 
3519 3 
20 710 26025 
3520 3 
16 336 69707 
3521 3 
20 742 51792 
3530 3 
12 38 36597 
3531 3 
16 909 27867 
3536 3 
19 990 77793 
3541 3 
13 784 7335 
3548 3 
10 206 22659 
3561 3 
12 266 93565 
3570 3 
20 431 66160 
3571 3 
17 123 85594 
3574 3 
16 336 29825 
3577 3 
17 976 80380 
3596 3 
11 552 5267 
3599 3 
10 105 30794 
3602 3 
20 554 40065 
3631 3 
11 79 22082 
3632 3 
20 502 21285 
3635 3 
17 155 59439 
3638 3 
12 695 69067 
3641 3 
10 196 15026 
3644 3 
20 701 76608 
3645 3 
11 414 30499 
3654 3 
20 753 26797 
3659 3 
18 959 88797 
3662 3 
14 961 21358 
3663 3 
14 472 45365 
3666 3 
16 635 44930 
3683 3 
16 705 20073 
3686 3 
14 814 65067 
3693 3 
20 278 52466 
3694 3 
10 867 66645 
3695 3 
17 10 6972 
3696 3 
15 383 31499 
3703 3 
18 594 38222 
3706 3 
16 635 66160 
3707 3 
20 252 13480 
3720 3 
16 25 76746 
3721 3 
20 327 86847 
3726 3 
17 277 84269 
3733 3 
18 359 52945 
3738 3 
16 424 44061 
3739 3 
15 348 58567 
3742 3 
10 502 59839 
3751 3 
12 113 86659 
3752 3 
17 743 31690 
3753 3 
11 441 52057 
3754 3 
20 273 28360 
3755 3 
17 725 91999 
3756 3 
10 296 44581 
3757 3 
17 436 39726 
3758 3 
16 999 70132 
3761 3 
16 329 23486 
3762 3 
13 283 15630 
3777 3 
19 616 10176 
3778 3 
12 119 11817 
3787 3 
11 501 49595 
3788 3 
18 971 85829 
3791 3 
12 620 22110 
3802 3 
14 169 14435 
3803 3 
12 132 46718 
3804 3 
15 122 98153 
3815 3 
17 721 64644 
3816 3 
20 293 98227 
3817 3 
13 745 22159 
3818 3 
18 173 35453 
3823 3 
18 263 68924 
3832 3 
20 621 31844 
3835 3 
17 154 31082 
3842 3 
16 564 4721 
3855 3 
10 492 37951 
3860 3 
13 475 84591 
3865 3 
11 181 76011 
3868 3 
12 472 92170 
3869 3 
10 306 97977 
3872 3 
11 336 65118 
3873 3 
16 253 7245 
3882 3 
18 450 42282 
3883 3 
11 77 53174 
3884 3 
15 20 96351 
3889 3 
15 757 82121 
3890 3 
10 994 27437 
3895 3 
13 405 32723 
3896 3 
11 217 67613 
3907 3 
20 168 64050 
3920 3 
16 933 82384 
3921 3 
10 867 95826 
3928 3 
12 910 16156 
3933 3 
15 962 4469 
3938 3 
14 723 74578 
3953 3 
11 823 87630 
3964 3 
15 444 83293 
3965 3 
20 429 17310 
3966 3 
14 970 32538 
3969 3 
17 779 3891 
3972 3 
14 130 79332 
3989 3 
11 921 44891 
3992 3 
12 709 61035 
3993 3 
13 542 41757 
3998 3 
15 440 68571 
4001 3 
14 360 72252 
4002 3 
20 867 26111 
4003 3 
18 330 24228 
4008 3 
15 323 24343 
4015 3 
20 457 50048 
4020 3 
19 795 37892 
4023 3 
11 580 14244 
4026 3 
20 941 10124 
4027 3 
19 479 74874 
4030 3 
13 330 17878 
4031 3 
16 33 16329 
4032 3 
12 935 33088 
4035 3 
18 541 18235 
4038 3 
10 160 99144 
4047 3 
20 618 11397 
4056 3 
16 228 27656 
4057 3 
14 87 50121 
4060 3 
10 319 9062 
4063 3 
20 621 36330 
4066 3 
18 190 60455 
4069 3 
14 919 55494 
4070 3 
14 299 83777 
4071 3 
13 601 56420 
4072 3 
18 255 82389 
4073 3 
12 899 9477 
4076 3 
13 547 87148 
4081 3 
13 94 56704 
4084 3 
10 447 10937 
4085 3 
16 286 70031 
4086 3 
18 38 95008 
4087 3 
14 528 36434 
4096 3 
10 774 54104 
4097 3 
19 49 76199 
4100 3 
19 997 13253 
4103 3 
11 90 18934 
4112 3 
13 59 75126 
4117 3 
19 488 97105 
4120 3 
17 510 87969 
4123 3 
12 680 79381 
4128 3 
15 54 39646 
4155 3 
11 303 22547 
4156 3 
20 840 36578 
4157 3 
14 244 8646 
4158 3 
16 501 1966 
4165 3 
14 238 37744 
4168 3 
20 57 58298 
4169 3 
18 429 64642 
4180 3 
16 874 41669 
4183 3 
11 853 49641 
4188 3 
19 298 69130 
4189 3 
18 581 92430 
4198 3 
19 54 34093 
4199 3 
11 465 43099 
4200 3 
20 13 12862 
4201 3 
19 301 77195 
4204 3 
13 934 89088 
4205 3 
10 184 84475 
4206 3 
16 296 5868 
4207 3 
18 792 36410 
4218 3 
11 747 65508 
4219 3 
20 745 86737 
4224 3 
12 971 68082 
4225 3 
16 865 89220 
4248 3 
18 266 74645 
4249 3 
10 367 84223 
4250 3 
12 240 23036 
4251 3 
11 571 15648 
4252 3 
20 989 39026 
4259 3 
19 348 73523 
4260 3 
11 780 49799 
4261 3 
18 408 37527 
4266 3 
17 26 80534 
4267 3 
10 761 13898 
4268 3 
20 542 88234 
4269 3 
20 102 92063 
4270 3 
10 741 35581 
4271 3 
19 108 85033 
4272 3 
12 219 70274 
4275 3 
13 756 8159 
4284 3 
10 588 41469 
4285 3 
17 933 90188 
4286 3 
16 325 3416 
4289 3 
18 517 4056 
4292 3 
12 107 42562 
4297 3 
12 208 22152 
4298 3 
14 134 19208 
4299 3 
17 977 91513 
4300 3 
12 282 38888 
4303 3 
15 680 60331 
4310 3 
18 722 12052 
4311 3 
12 318 22872 
4316 3 
12 97 42429 
4317 3 
12 405 90933 
4320 3 
14 747 79781 
4327 3 
12 423 75256 
4328 3 
14 671 54067 
4333 3 
14 620 32848 
4334 3 
13 722 80789 
4349 3 
18 928 96966 
4350 3 
20 181 40387 
4357 3 
15 712 84897 
4358 3 
15 304 65787 
4361 3 
13 970 23949 
4362 3 
10 538 10335 
4369 3 
13 452 82235 
4374 3 
16 467 48374 
4375 3 
12 908 75913 
4380 3 
10 558 35777 
4381 3 
12 912 36035 
4384 3 
20 416 99839 
4393 3 
15 468 95017 
4404 3 
17 950 56408 
4405 3 
18 905 38906 
4410 3 
17 537 17199 
4413 3 
17 846 52255 
4414 3 
19 984 13952 
4425 3 
18 21 65790 
4426 3 
17 406 80689 
4427 3 
14 612 46643 
4428 3 
18 636 89182 
4435 3 
20 221 36052 
4438 3 
14 964 14225 
4439 3 
10 422 34004 
4440 3 
18 658 15056 
4441 3 
15 344 80141 
4444 3 
18 243 56763 
4445 3 
13 970 79625 
4448 3 
16 652 35263 
4451 3 
13 805 58096 
4454 3 
15 821 25480 
4455 3 
15 118 94041 
4456 3 
10 907 93407 
4457 3 
16 95 8005 
4470 3 
17 775 40782 
4471 3 
14 24 99517 
4474 3 
15 899 23006 
4477 3 
14 338 13041 
4478 3 
13 747 98008 
4485 3 
11 641 35511 
4496 3 
14 209 23160 
4497 3 
20 381 73045 
4500 3 
20 443 11041 
4505 3 
12 360 32104 
4510 3 
14 422 1253 
4511 3 
13 591 89479 
4514 3 
18 262 17235 
4517 3 
12 364 59375 
4522 3 
16 323 49103 
4529 3 
16 688 81798 
4530 3 
17 812 20730 
4543 3 
20 76 77505 
4544 3 
18 677 98813 
4549 3 
13 654 5857 
4550 3 
13 735 70279 
4553 3 
13 88 82389 
4560 3 
18 826 21376 
4573 3 
14 35 10329 
4574 3 
17 771 75540 
4575 3 
13 735 70896 
4576 3 
12 521 78029 
4579 3 
20 636 86177 
4584 3 
19 785 6499 
4585 3 
15 659 55126 
4588 3 
12 197 66223 
4591 3 
10 574 90994 
4592 3 
16 928 4438 
4593 3 
10 13 47279 
4596 3 
18 198 74630 
4599 3 
10 165 30512 
4600 3 
17 34 33630 
4601 3 
11 437 91123 
4602 3 
12 780 76128 
4609 3 
14 553 88068 
4616 3 
16 736 90087 
4617 3 
13 226 78538 
4630 3 
16 375 77681 
4633 3 
17 781 58535 
4634 3 
20 879 67939 
4639 3 
19 156 63009 
4640 3 
16 440 96376 
4641 3 
16 584 64208 
4646 3 
13 714 65304 
4651 3 
12 73 98638 
4662 3 
10 944 8525 
4669 3 
15 331 8990 
4676 3 
15 344 2354 
4677 3 
16 438 60146 
4678 3 
14 82 51120 
4685 3 
10 533 96337 
4694 3 
16 583 96265 
4695 3 
15 220 99125 
4698 3 
17 62 30160 
4699 3 
17 999 49008 
4710 3 
19 851 60906 
4711 3 
13 641 13619 
4714 3 
19 691 71551 
4723 3 
20 53 31105 
4730 3 
10 250 93158 
4751 3 
12 590 59439 
4754 3 
16 141 40241 
4765 3 
10 721 2093 
4766 3 
19 748 43366 
4771 3 
15 399 58501 
4776 3 
18 68 13897 
4777 3 
10 214 96710 
4778 3 
12 381 58898 
4781 3 
13 28 53470 
4788 3 
12 376 2945 
4789 3 
15 251 27502 
4790 3 
20 372 44704 
4795 3 
14 54 89298 
4796 3 
11 472 10353 
4803 3 
20 86 95466 
4804 3 
19 153 53353 
4815 3 
19 57 11443 
4820 3 
11 235 57892 
4821 3 
11 637 51987 
4822 3 
15 767 59399 
4831 3 
14 188 95889 
4834 3 
13 199 42736 
4835 3 
13 625 84910 
4838 3 
18 676 52670 
4839 3 
17 758 77330 
4840 3 
20 996 61077 
4857 3 
17 654 84357 
4864 3 
11 503 41363 
4867 3 
17 530 48819 
4870 3 
15 942 76868 
4871 3 
12 427 8980 
4876 3 
10 815 50510 
4881 3 
14 592 77050 
4884 3 
14 474 95056 
4893 3 
12 551 58106 
4900 3 
15 106 10114 
4909 3 
15 880 41899 
4910 3 
15 925 2107 
4933 3 
14 666 12020 
4934 3 
17 959 18540 
4937 3 
20 833 81868 
4948 3 
10 650 27403 
4949 3 
12 180 12825 
4952 3 
15 139 27431 
4953 3 
20 902 41559 
4956 3 
14 751 31958 
4961 3 
16 995 65241 
4962 3 
10 888 43680 
4979 3 
10 474 97494 
4982 3 
15 470 92070 
4983 3 
20 613 30010 
4988 3 
19 542 53392 
4993 3 
17 363 38279 
4994 3 
16 527 22735 
4999 3 
10 129 82256 
5002 3 
20 745 85372 
5005 3 
11 922 43698 
5006 3 
10 586 49278 
5009 3 
19 840 60977 
5012 3 
19 468 36460 
5015 3 
20 963 77185 
5016 3 
12 912 80200 
5017 3 
19 969 69471 
5018 3 
17 292 78548 
5019 3 
14 21 13313 
5020 3 
16 213 81549 
5021 3 
14 332 18528 
5022 3 
13 678 76743 
5023 3 
14 195 88847 
5024 3 
12 114 31180 
5025 3 
18 229 95596 
5026 3 
20 850 67772 
5029 3 
18 507 33585 
5032 3 
20 426 23113 
5037 3 
14 635 27967 
5042 3 
19 709 74257 
5043 3 
17 560 34273 
5046 3 
15 835 17745 
5049 3 
14 686 62283 
5054 3 
12 827 10360 
5063 3 
17 805 83932 
5066 3 
17 150 985 
5069 3 
12 531 99062 
5070 3 
12 455 54452 
5079 3 
12 72 29098 
5082 3 
15 385 70780 
5083 3 
12 100 51965 
5086 3 
20 406 79877 
5089 3 
10 244 19237 
5092 3 
12 413 2534 
5101 3 
10 248 70930 
5102 3 
15 585 4835 
5103 3 
12 551 52850 
5110 3 
10 318 53299 
5111 3 
19 854 22113 
5120 3 
11 139 28051 
5121 3 
11 391 57666 
5128 3 
18 894 57087 
5135 3 
13 141 9420 
5138 3 
11 112 28532 
5141 3 
19 737 41699 
5142 3 
18 969 1985 
5143 3 
20 309 34576 
5146 3 
17 759 59946 
5149 3 
11 503 19989 
5150 3 
17 655 86354 
5155 3 
10 813 83307 
5156 3 
16 210 50484 
5157 3 
20 179 93943 
5160 3 
15 801 24546 
5167 3 
17 372 28118 
5168 3 
18 744 65182 
5171 3 
18 738 60355 
5172 3 
18 903 64811 
5175 3 
16 743 90761 
5176 3 
17 425 77128 
5177 3 
15 52 97762 
5178 3 
11 898 15024 
5181 3 
10 678 72280 
5184 3 
14 139 9018 
5211 3 
19 396 36480 
5212 3 
12 148 21080 
5215 3 
13 309 88474 
5216 3 
18 270 3430 
5219 3 
18 125 17139 
5220 3 
19 668 37386 
5221 3 
10 171 40022 
5228 3 
20 806 78249 
5229 3 
19 715 54504 
5230 3 
11 197 14901 
5233 3 
12 917 57567 
5236 3 
16 542 15769 
5237 3 
18 56 23573 
5248 3 
18 320 10959 
5249 3 
15 836 47902 
5250 3 
15 456 59148 
5255 3 
20 541 81423 
5256 3 
12 444 95761 
5263 3 
18 551 71693 
5270 3 
11 986 25261 
5271 3 
13 520 78780 
5272 3 
15 93 53946 
5275 3 
11 784 72900 
5276 3 
16 465 62386 
5281 3 
12 508 43335 
5292 3 
20 186 668 
5293 3 
13 914 4190 
5298 3 
13 421 35599 
5305 3 
12 532 39420 
5312 3 
19 156 42562 
5317 3 
11 264 3656 
5318 3 
19 611 84256 
5333 3 
18 213 30031 
5338 3 
13 144 97624 
5339 3 
13 668 6362 
5340 3 
18 834 25256 
5343 3 
16 248 46462 
5344 3 
18 454 64304 
5347 3 
19 436 3382 
5352 3 
18 581 99141 
5353 3 
10 705 86675 
5360 3 
13 628 76321 
5361 3 
19 665 15823 
5362 3 
18 371 33132 
5377 3 
18 529 26392 
5378 3 
10 616 63229 
5379 3 
14 471 1617 
5386 3 
14 370 2002 
5399 3 
14 715 25928 
5408 3 
20 663 42390 
5417 3 
19 262 89073 
5420 3 
14 429 59885 
5421 3 
20 973 97110 
5424 3 
20 811 42232 
5425 3 
16 673 85756 
5426 3 
19 337 91947 
5427 3 
12 807 4467 
5446 3 
13 112 23703 
5449 3 
16 970 68694 
5450 3 
16 205 21765 
5453 3 
16 128 3548 
5456 3 
10 738 31870 
5461 3 
15 247 79697 
5462 3 
15 506 82934 
5463 3 
20 148 20683 
5468 3 
14 476 74702 
5483 3 
18 941 51185 
5506 3 
10 417 23386 
5507 3 
14 744 7256 
5512 3 
19 542 34774 
5513 3 
11 223 81117 
5514 3 
20 543 72185 
5519 3 
18 431 82707 
5520 3 
20 420 33106 
5521 3 
17 323 19893 
5522 3 
18 953 88848 
5523 3 
15 373 7241 
5524 3 
20 477 83524 
5529 3 
19 457 81220 
5530 3 
15 942 30032 
5531 3 
13 550 10643 
5550 3 
16 298 55184 
5559 3 
13 73 46873 
5562 3 
13 472 96093 
5567 3 
18 507 92171 
5568 3 
13 938 5496 
5573 3 
12 80 21188 
5588 3 
17 783 6242 
5593 3 
19 40 94829 
5594 3 
20 933 18160 
5601 3 
13 451 84167 
5616 3 
12 702 42272 
5631 3 
20 667 33941 
5634 3 
13 798 41410 
5635 3 
10 82 94736 
5642 3 
20 530 52369 
5643 3 
12 799 9690 
5646 3 
19 523 67160 
5655 3 
10 722 73490 
5668 3 
17 430 91518 
5673 3 
10 94 7116 
5674 3 
18 510 96694 
5677 3 
18 878 32741 
5680 3 
13 973 71815 
5681 3 
19 236 45140 
5692 3 
10 876 19973 
5693 3 
20 947 3801 
5698 3 
20 169 70632 
5709 3 
12 353 88855 
5718 3 
13 590 724 
5719 3 
20 182 85521 
5724 3 
15 176 40808 
5731 3 
16 112 88164 
5734 3 
20 236 48335 
5739 3 
14 621 73392 
5746 3 
11 501 68684 
5757 3 
10 508 86223 
5764 3 
17 180 39059 
5765 3 
10 644 2813 
5770 3 
19 902 52090 
5771 3 
20 700 2921 
5772 3 
18 460 32274 
5775 3 
20 235 85620 
5776 3 
14 386 66551 
5779 3 
17 710 5309 
5780 3 
17 477 29426 
5781 3 
16 501 62363 
5782 3 
20 82 54677 
5787 3 
16 261 80544 
5792 3 
12 252 84017 
5793 3 
15 749 88731 
5796 3 
15 651 73807 
5805 3 
10 589 57072 
5806 3 
10 19 88476 
5823 3 
17 980 33018 
5826 3 
13 122 75819 
5831 3 
18 94 34016 
5834 3 
13 174 19674 
5837 3 
17 521 23863 
5840 3 
13 83 24858 
5841 3 
19 943 8612 
5848 3 
16 193 77142 
5849 3 
17 437 61669 
5850 3 
12 704 17071 
5851 3 
14 676 86129 
5856 3 
10 661 96450 
5859 3 
17 724 30424 
5872 3 
18 625 10402 
5879 3 
12 782 67151 
5906 3 
16 427 83940 
5913 3 
17 738 17176 
5924 3 
11 748 61952 
5925 3 
13 783 20636 
5932 3 
17 330 53735 
5937 3 
16 582 10094 
5940 3 
11 471 48179 
5949 3 
17 352 90595 
5966 3 
12 975 83863 
5969 3 
18 557 21002 
5986 3 
12 622 60557 
5987 3 
14 602 33104 
5992 3 
16 56 63448 
5997 3 
14 150 49667 
6004 3 
14 46 64612 
6005 3 
12 335 47834 
6008 3 
11 60 16747 
6011 3 
20 597 62860 
6012 3 
16 237 26170 
6025 3 
16 297 40929 
6026 3 
19 141 75802 
6027 3 
10 385 85334 
6040 3 
10 329 61749 
6041 3 
16 690 96356 
6042 3 
10 761 15834 
6043 3 
18 886 69816 
6044 3 
19 439 20592 
6047 3 
11 254 41233 
6050 3 
20 616 21989 
6055 3 
11 290 2311 
6066 3 
11 442 36387 
6071 3 
20 389 58956 
6074 3 
11 160 56507 
6077 3 
16 405 54759 
6078 3 
12 981 24937 
6079 3 
19 113 78285 
6080 3 
11 191 10729 
6083 3 
11 364 7374 
6084 3 
14 500 26818 
6091 3 
17 482 58089 
6094 3 
16 932 86817 
6095 3 
18 484 99410 
6098 3 
13 199 23932 
6099 3 
19 172 986 
6102 3 
15 743 78888 
6103 3 
15 293 3047 
6104 3 
13 85 85141 
6111 3 
11 712 79904 
6112 3 
12 191 48041 
6115 3 
12 76 65648 
6116 3 
14 433 54625 
6123 3 
16 676 84510 
6126 3 
19 500 85393 
6137 3 
12 518 33769 
6138 3 
13 686 82283 
6139 3 
13 739 33765 
6142 3 
12 661 7489 
6147 3 
17 771 20571 
6148 3 
18 867 84011 
6157 3 
16 379 38483 
6160 3 
13 639 45535 
6161 3 
15 773 34199 
6166 3 
10 656 15825 
6169 3 
10 937 41302 
6174 3 
17 765 30364 
6177 3 
13 364 79085 
6182 3 
10 709 87283 
6183 3 
10 122 46268 
6184 3 
16 830 10632 
6189 3 
19 415 20900 
6190 3 
16 526 14552 
6191 3 
13 351 13331 
6192 3 
15 600 91837 
6193 3 
15 329 14033 
6194 3 
20 369 23061 
6195 3 
16 58 72979 
6200 3 
19 964 78643 
6207 3 
15 130 21724 
6210 3 
13 234 44220 
6213 3 
11 309 13808 
6218 3 
12 792 72534 
6219 3 
16 899 25201 
6230 3 
18 880 22560 
6235 3 
17 42 43290 
6238 3 
12 535 19443 
6239 3 
14 851 91475 
6240 3 
10 566 14770 
6245 3 
15 88 385 
6250 3 
13 703 27550 
6253 3 
16 260 13853 
6256 3 
14 869 39609 
6265 3 
15 251 28042 
6266 3 
12 888 20590 
6269 3 
15 568 13186 
6272 3 
14 345 89345 
6273 3 
18 732 39555 
6276 3 
18 491 25407 
6281 3 
12 213 97150 
6290 3 
17 464 87353 
6293 3 
17 451 70507 
6298 3 
12 157 26307 
6299 3 
14 593 90785 
6302 3 
11 51 50989 
6303 3 
18 511 13469 
6304 3 
17 137 1059 
6307 3 
18 779 29317 
6308 3 
13 744 15718 
6317 3 
15 426 32986 
6324 3 
12 332 52774 
6325 3 
13 656 43384 
6326 3 
19 463 55097 
6329 3 
15 197 9217 
6330 3 
12 11 72815 
6331 3 
19 942 30048 
6338 3 
10 902 47851 
6343 3 
19 845 63275 
6350 3 
15 676 27184 
6357 3 
19 111 65209 
6358 3 
16 102 7773 
6359 3 
10 379 78227 
6362 3 
11 268 5496 
6369 3 
13 136 60086 
6372 3 
15 330 79529 
6377 3 
15 34 75323 
6380 3 
17 609 15154 
6381 3 
14 142 1267 
6382 3 
17 356 43957 
6383 3 
19 729 38441 
6384 3 
20 677 48158 
6389 3 
17 955 65895 
6394 3 
17 321 11359 
6395 3 
14 229 11072 
6402 3 
11 590 34210 
6403 3 
18 744 91717 
6406 3 
14 142 10252 
6411 3 
11 916 97810 
6414 3 
13 701 52795 
6419 3 
18 500 4151 
6424 3 
13 89 18325 
6425 3 
14 45 80167 
6432 3 
12 417 41360 
6443 3 
17 107 93514 
6448 3 
14 741 9092 
6449 3 
16 788 71303 
6450 3 
10 125 34849 
6455 3 
19 396 74375 
6458 3 
19 169 97067 
6459 3 
12 321 78005 
6468 3 
17 671 23457 
6471 3 
19 509 19687 
6472 3 
14 926 30712 
6477 3 
12 565 55392 
6480 3 
12 907 20847 
6481 3 
15 473 82478 
6482 3 
17 891 73380 
6483 3 
12 645 23179 
6486 3 
13 56 34344 
6491 3 
19 182 40711 
6494 3 
15 268 45737 
6495 3 
13 533 72032 
6514 3 
16 691 20917 
6515 3 
10 74 83517 
6516 3 
13 947 26204 
6519 3 
13 104 57777 
6526 3 
18 494 4809 
6529 3 
11 944 36515 
6540 3 
13 785 34871 
6541 3 
18 225 56636 
6544 3 
17 294 93016 
6553 3 
18 517 49863 
6556 3 
12 433 7660 
6567 3 
10 83 77238 
6572 3 
18 203 12751 
6573 3 
19 973 41929 
6576 3 
15 555 7645 
6587 3 
16 948 88913 
6604 3 
10 483 69770 
6605 3 
20 461 95611 
6606 3 
17 642 80350 
6607 3 
16 454 77313 
6608 3 
11 551 74939 
6619 3 
15 782 83079 
6620 3 
17 699 57407 
6625 3 
15 501 43272 
6626 3 
16 766 12197 
6627 3 
15 356 42687 
6628 3 
10 617 69978 
6629 3 
15 480 13528 
6630 3 
19 919 30896 
6633 3 
16 563 76698 
6634 3 
10 526 26947 
6635 3 
18 294 9672 
6638 3 
16 563 66159 
6639 3 
19 563 65773 
6642 3 
14 934 82286 
6643 3 
10 316 61323 
6648 3 
19 881 53696 
6651 3 
18 962 78619 
6654 3 
14 270 46447 
6659 3 
16 439 62121 
6660 3 
18 186 34449 
6661 3 
14 101 57669 
6664 3 
18 742 41986 
6679 3 
11 866 8448 
6684 3 
18 793 18155 
6687 3 
16 611 63232 
6690 3 
19 565 14878 
6693 3 
14 488 21555 
6702 3 
20 461 30930 
6723 3 
11 596 57752 
6724 3 
18 370 76990 
6727 3 
12 989 8771 
6728 3 
17 177 30491 
6731 3 
19 694 66608 
6732 3 
10 940 58218 
6733 3 
13 443 73017 
6738 3 
13 35 8131 
6743 3 
16 639 24170 
6764 3 
15 448 99525 
6765 3 
17 562 97419 
6766 3 
18 984 25724 
6771 3 
16 108 9528 
6774 3 
17 79 31283 
6777 3 
19 583 84991 
6780 3 
16 608 78779 
6783 3 
17 564 38579 
6784 3 
15 513 77117 
6791 3 
14 966 45737 
6792 3 
12 267 33098 
6793 3 
11 352 25899 
6794 3 
16 911 86772 
6797 3 
18 94 94448 
6798 3 
17 833 20690 
6811 3 
19 367 20856 
6812 3 
15 254 74780 
6815 3 
15 588 68333 
6816 3 
17 290 45971 
6823 3 
13 772 88246 
6826 3 
18 291 42327 
6827 3 
20 164 10699 
6830 3 
19 59 21040 
6831 3 
19 837 32123 
6836 3 
20 994 41939 
6839 3 
20 971 50367 
6842 3 
13 595 55393 
6849 3 
16 811 93914 
6850 3 
10 202 65823 
6855 3 
18 608 94487 
6858 3 
18 786 88153 
6859 3 
20 467 14697 
6860 3 
16 909 57987 
6861 3 
12 142 8383 
6862 3 
12 377 45385 
6871 3 
14 714 58959 
6886 3 
17 951 78432 
6893 3 
16 848 35775 
6902 3 
14 221 74568 
6909 3 
16 414 98942 
6914 3 
15 162 20972 
6915 3 
10 543 42244 
6916 3 
17 880 82049 
6919 3 
17 334 61051 
6922 3 
11 896 90673 
6923 3 
11 434 34747 
6924 3 
13 684 3857 
6931 3 
10 923 63951 
6932 3 
19 177 88124 
6937 3 
12 41 92787 
6938 3 
20 194 96184 
6945 3 
19 659 73670 
6950 3 
19 535 21444 
6951 3 
12 859 34728 
6954 3 
11 17 53194 
6955 3 
12 627 2537 
6956 3 
18 713 28392 
6965 3 
19 637 86744 
6966 3 
14 295 87880 
6967 3 
15 538 58880 
6968 3 
10 650 81597 
6969 3 
19 920 53467 
6970 3 
10 705 5537 
6973 3 
10 517 40724 
6980 3 
18 558 17964 
6987 3 
15 536 96072 
6990 3 
15 920 79590 
6997 3 
11 381 55129 
7000 3 
16 814 93488 
7003 3 
15 837 48328 
7004 3 
11 414 1746 
7013 3 
15 550 32590 
7028 3 
19 144 57413 
7031 3 
18 414 46913 
7038 3 
15 626 17397 
7039 3 
18 128 32878 
7040 3 
10 255 47833 
7043 3 
20 39 97583 
7052 3 
14 829 92267 
7061 3 
12 795 50130 
7064 3 
16 99 24005 
7071 3 
11 85 12856 
7072 3 
10 435 36902 
7073 3 
16 350 76146 
7074 3 
12 490 12949 
7077 3 
14 990 97007 
7078 3 
11 813 49699 
7087 3 
20 853 13913 
7094 3 
12 858 77850 
7103 3 
12 752 84846 
7104 3 
17 859 74728 
7105 3 
10 553 91389 
7122 3 
20 345 67817 
7123 3 
12 102 51457 
7138 3 
20 836 5150 
7139 3 
17 587 77437 
7142 3 
17 163 96147 
7143 3 
16 955 58181 
7146 3 
13 282 17326 
7153 3 
10 752 70771 
7160 3 
18 372 54343 
7161 3 
15 60 55040 
7168 3 
11 181 42799 
7171 3 
18 104 56499 
7172 3 
10 264 22180 
7175 3 
11 673 30252 
7180 3 
17 392 70549 
7181 3 
18 815 41719 
7182 3 
19 654 40324 
7187 3 
20 464 85821 
7190 3 
14 952 36626 
7191 3 
14 982 88066 
7192 3 
13 378 57899 
7197 3 
16 315 69295 
7198 3 
20 935 6101 
7199 3 
13 569 45647 
7204 3 
19 201 74383 
7205 3 
12 807 2694 
7208 3 
20 866 36488 
7211 3 
17 607 35202 
7212 3 
15 752 90038 
7213 3 
19 990 94032 
7214 3 
18 705 70903 
7215 3 
12 662 23047 
7216 3 
12 37 14695 
7227 3 
17 554 8902 
7230 3 
15 579 18435 
7233 3 
14 40 49288 
7256 3 
13 80 39807 
7257 3 
16 727 5448 
7258 3 
19 725 4817 
7259 3 
16 380 63641 
7270 3 
15 560 37015 
7275 3 
20 873 2258 
7276 3 
10 743 42150 
7279 3 
15 502 65992 
7286 3 
11 263 64787 
7287 3 
12 460 46658 
7296 3 
13 502 97960 
7297 3 
12 173 16116 
7300 3 
15 908 90846 
7301 3 
14 507 42367 
7306 3 
20 508 17042 
7309 3 
15 499 77532 
7310 3 
13 629 45789 
7321 3 
20 435 15946 
7342 3 
17 1000 17740 
7345 3 
14 882 53773 
7352 3 
13 843 77035 
7361 3 
18 788 73935 
7364 3 
14 882 81792 
7365 3 
11 956 19025 
7366 3 
15 692 72763 
7367 3 
10 923 17402 
7368 3 
18 833 51658 
7369 3 
15 923 53750 
7378 3 
18 893 48403 
7381 3 
14 477 35203 
7386 3 
19 882 20439 
7397 3 
13 150 98787 
7402 3 
19 344 60405 
7405 3 
10 120 99501 
7414 3 
13 35 20068 
7415 3 
10 702 75767 
7416 3 
10 891 46839 
7417 3 
10 552 17897 
7420 3 
19 876 74512 
7427 3 
11 868 60861 
7430 3 
20 703 65886 
7435 3 
14 759 38520 
7440 3 
19 51 12884 
7445 3 
16 838 19893 
7448 3 
17 261 35284 
7451 3 
19 523 83415 
7454 3 
14 613 40179 
7455 3 
10 384 80956 
7458 3 
15 951 37698 
7459 3 
13 777 71524 
7462 3 
20 259 43420 
7463 3 
15 607 2836 
7466 3 
13 277 64712 
7467 3 
18 606 63731 
7468 3 
16 739 48261 
7469 3 
16 280 34592 
7478 3 
18 247 10773 
7479 3 
14 418 98573 
7480 3 
17 639 41072 
7497 3 
10 695 66167 
7512 3 
13 142 63006 
7523 3 
19 303 49334 
7524 3 
16 724 55853 
7527 3 
13 721 43061 
7532 3 
12 941 16157 
7533 3 
18 871 69206 
7544 3 
15 419 70557 
7545 3 
11 142 8829 
7546 3 
14 872 73827 
7555 3 
12 397 92987 
7556 3 
11 905 41663 
7557 3 
11 36 69241 
7560 3 
15 477 6863 
7561 3 
13 351 99194 
7562 3 
16 589 71556 
7565 3 
10 146 82111 
7570 3 
20 100 51789 
7571 3 
18 680 13636 
7572 3 
15 933 28401 
7573 3 
15 815 22310 
7578 3 
11 175 31123 
7581 3 
13 699 84157 
7588 3 
12 537 20383 
7591 3 
17 840 20637 
7592 3 
16 989 85357 
7603 3 
10 788 45896 
7608 3 
14 180 28052 
7609 3 
14 531 5735 
7616 3 
18 128 57772 
7621 3 
11 461 90309 
7626 3 
14 642 42893 
7631 3 
20 494 85063 
7634 3 
18 816 61595 
7635 3 
15 501 19925 
7638 3 
10 868 97797 
7639 3 
15 946 25451 
7648 3 
11 551 69402 
7657 3 
14 913 27682 
7658 3 
18 299 65136 
7663 3 
16 673 78284 
7664 3 
13 174 12252 
7667 3 
11 493 96141 
7668 3 
19 202 68925 
7669 3 
11 883 45562 
7680 3 
19 718 17386 
7683 3 
14 941 12332 
7684 3 
17 537 17346 
7687 3 
18 374 58166 
7692 3 
19 676 20246 
7695 3 
11 914 28456 
7702 3 
15 616 40754 
7703 3 
17 982 82065 
7710 3 
14 186 92984 
7717 3 
14 740 67978 
7722 3 
12 601 4708 
7727 3 
15 229 20529 
7728 3 
10 749 22709 
7729 3 
20 61 51414 
7730 3 
15 894 36514 
7731 3 
10 898 84355 
7736 3 
16 182 58775 
7739 3 
12 346 98415 
7752 3 
15 516 28502 
7757 3 
18 142 80246 
7768 3 
13 448 74730 
7771 3 
18 763 21643 
7772 3 
11 602 77746 
7775 3 
18 450 68182 
7776 3 
14 267 82463 
7789 3 
18 857 18861 
7790 3 
15 205 38324 
7791 3 
18 899 73776 
7798 3 
20 172 73345 
7799 3 
19 612 22372 
7806 3 
17 342 44799 
7809 3 
15 433 88349 
7810 3 
20 214 53408 
7811 3 
15 675 42260 
7820 3 
14 796 41245 
7825 3 
16 850 64283 
7830 3 
12 509 3252 
7831 3 
19 370 7256 
7842 3 
14 612 54998 
7843 3 
18 231 44960 
7848 3 
17 316 47419 
7853 3 
14 741 13569 
7858 3 
14 36 42107 
7871 3 
16 104 71445 
7872 3 
16 182 64294 
7875 3 
19 593 25077 
7880 3 
10 747 90945 
7881 3 
16 709 20744 
7884 3 
14 641 60729 
7891 3 
14 967 4247 
7896 3 
18 846 58061 
7905 3 
18 765 90130 
7912 3 
18 29 94052 
7919 3 
18 779 87168 
7922 3 
13 832 49758 
7931 3 
11 354 66317 
7940 3 
15 344 88752 
7941 3 
18 209 45240 
7944 3 
10 753 84036 
7945 3 
14 510 72697 
7946 3 
19 648 77069 
7955 3 
19 411 34123 
7956 3 
20 90 51573 
7977 3 
18 397 57506 
7982 3 
14 932 18566 
7985 3 
12 775 21727 
7986 3 
15 853 71412 
7987 3 
18 478 67839 
7988 3 
17 192 30183 
7991 3 
15 179 92305 
7992 3 
16 221 34342 
7993 3 
10 794 79935 
7998 3 
18 77 33098 
8009 3 
13 285 30735 
8014 3 
16 91 19466 
8017 3 
19 272 45232 
8026 3 
18 851 60582 
8033 3 
10 794 65138 
8036 3 
16 663 44019 
8045 3 
19 747 69158 
8058 3 
13 951 52174 
8061 3 
15 144 87854 
8062 3 
15 932 21393 
8073 3 
12 19 58125 
8078 3 
19 24 98433 
8089 3 
13 453 88235 
8108 3 
10 250 47996 
8111 3 
10 940 93411 
8114 3 
14 541 9072 
8115 3 
20 259 36606 
8118 3 
10 647 26287 
8119 3 
11 554 48639 
8122 3 
15 642 77371 
8123 3 
17 131 72081 
8126 3 
12 352 16550 
8129 3 
13 707 26721 
8134 3 
18 463 96935 
8141 3 
13 809 17181 
8158 3 
16 696 4254 
8161 3 
19 670 52530 
8170 3 
19 565 95859 
8171 3 
18 441 29395 
8172 3 
18 332 98061 
8177 3 
15 266 67079 
8188 3 
11 120 4974 
8189 3 
12 455 19485 
8196 3 
13 882 26949 
8197 3 
18 123 98539 
8204 3 
13 801 94884 
8205 3 
10 705 36321 
8214 3 
10 193 25727 
8215 3 
15 256 64183 
8226 3 
17 249 57948 
8233 3 
16 318 49816 
8234 3 
13 724 35746 
8239 3 
14 846 46662 
8242 3 
12 742 91096 
8243 3 
20 650 71458 
8244 3 
18 143 77382 
8253 3 
12 694 25418 
8254 3 
17 247 71949 
8259 3 
10 428 90754 
8262 3 
15 12 88981 
8263 3 
13 706 17639 
8266 3 
13 786 77645 
8269 3 
18 235 35107 
8274 3 
12 162 98900 
8275 3 
14 144 23497 
8278 3 
10 710 44492 
8279 3 
12 370 26924 
8284 3 
19 514 64734 
8285 3 
16 755 80958 
8290 3 
17 251 16675 
8293 3 
16 723 95858 
8298 3 
18 819 36644 
8299 3 
17 125 32440 
8302 3 
14 156 56154 
8313 3 
14 158 96258 
8320 3 
20 87 96383 
8327 3 
13 137 18480 
8332 3 
16 895 12869 
8337 3 
14 875 43121 
8338 3 
17 338 52639 
8343 3 
12 751 15435 
8348 3 
10 464 14220 
8349 3 
15 369 86495 
8354 3 
20 951 5002 
8355 3 
15 87 9592 
8374 3 
16 766 26270 
8375 3 
12 484 15035 
8388 3 
10 937 26456 
8389 3 
11 524 58195 
8394 3 
14 301 54906 
8397 3 
20 413 25470 
8398 3 
16 821 74875 
8399 3 
16 31 38835 
8400 3 
14 780 56400 
8405 3 
16 519 29848 
8408 3 
10 702 23028 
8411 3 
13 89 46699 
8420 3 
11 814 54239 
8425 3 
17 421 9890 
8438 3 
13 476 85852 
8443 3 
11 837 63273 
8446 3 
19 320 61299 
8449 3 
15 439 80363 
8452 3 
20 560 17954 
8463 3 
10 578 47956 
8464 3 
14 876 13286 
8465 3 
10 738 56555 
8468 3 
14 523 50018 
8477 3 
14 177 10715 
8478 3 
13 137 29428 
8479 3 
19 755 5104 
8480 3 
19 100 18019 
8483 3 
15 641 23244 
8488 3 
17 731 44806 
8493 3 
11 970 18589 
8502 3 
15 138 52168 
8505 3 
19 516 30184 
8506 3 
15 106 2344 
8513 3 
10 113 56700 
8516 3 
16 144 4862 
8523 3 
15 427 56087 
8524 3 
14 474 55973 
8525 3 
19 510 11522 
8526 3 
10 864 36367 
8529 3 
17 790 1369 
8534 3 
17 800 79456 
8543 3 
12 716 70071 
8544 3 
14 760 44796 
8547 3 
19 38 29805 
8548 3 
10 828 26988 
8553 3 
19 334 93542 
8554 3 
18 464 51968 
8555 3 
10 196 3562 
8556 3 
16 202 91349 
8573 3 
19 267 60246 
8576 3 
18 620 97436 
8581 3 
11 346 95512 
8582 3 
10 200 48446 
8589 3 
19 234 35141 
8592 3 
19 21 17883 
8593 3 
13 139 56920 
8598 3 
19 912 7609 
8599 3 
16 198 40413 
8600 3 
19 44 90934 
8605 3 
19 19 64440 
8610 3 
18 724 46051 
8631 3 
20 492 86246 
8634 3 
17 630 53119 
8641 3 
12 488 84777 
8648 3 
11 753 56480 
8651 3 
16 94 63261 
8656 3 
11 327 5413 
8657 3 
17 591 19793 
8660 3 
16 602 44826 
8667 3 
10 424 59429 
8670 3 
11 68 60099 
8679 3 
11 553 29548 
8680 3 
13 218 88386 
8681 3 
12 124 39461 
8684 3 
14 694 2013 
8685 3 
18 451 4938 
8686 3 
17 50 7663 
8691 3 
12 262 16297 
8692 3 
18 476 7934 
8699 3 
10 270 45397 
8702 3 
18 496 94404 
8703 3 
17 363 89751 
8712 3 
15 690 4435 
8715 3 
11 579 34828 
8716 3 
19 774 56475 
8719 3 
16 520 19730 
8722 3 
17 273 2960 
8731 3 
19 662 50036 
8732 3 
16 71 14324 
8733 3 
14 129 99728 
8734 3 
10 310 73728 
8735 3 
13 642 59631 
8736 3 
12 758 35822 
8737 3 
17 408 2691 
8738 3 
10 579 14569 
8739 3 
15 924 43000 
8742 3 
19 965 9329 
8745 3 
19 80 1744 
8746 3 
14 103 61325 
8747 3 
20 195 6530 
8750 3 
14 593 60419 
8755 3 
18 224 98768 
8764 3 
12 963 57081 
8765 3 
20 155 43310 
8768 3 
13 521 33024 
8771 3 
13 632 30048 
8774 3 
18 991 1628 
8777 3 
10 126 76150 
8784 3 
12 951 38790 
8785 3 
17 864 47454 
8786 3 
14 624 24121 
8787 3 
12 130 46307 
8800 3 
18 928 81565 
8803 3 
13 718 71093 
8804 3 
12 136 80997 
8805 3 
11 613 28921 
8806 3 
10 434 68871 
8807 3 
19 997 89661 
8814 3 
14 788 2773 
8817 3 
16 144 76395 
8818 3 
18 466 87369 
8825 3 
17 862 57353 
8828 3 
15 168 89250 
8829 3 
17 846 78335 
8832 3 
15 892 4123 
8837 3 
12 687 87406 
8838 3 
20 443 46506 
8845 3 
13 58 94849 
8848 3 
14 978 76513 
8861 3 
14 322 10887 
8862 3 
12 165 57971 
8867 3 
17 340 68142 
8870 3 
11 659 5700 
8877 3 
17 572 58273 
8880 3 
19 13 30187 
8881 3 
20 760 60132 
8884 3 
15 952 62778 
8885 3 
10 903 21567 
8890 3 
20 99 20831 
8897 3 
20 852 48411 
8902 3 
19 869 13503 
8913 3 
12 395 5214 
8914 3 
12 451 10970 
8921 3 
14 844 16813 
8922 3 
10 984 6686 
8927 3 
12 777 29638 
8946 3 
12 919 40512 
8949 3 
16 519 6618 
8956 3 
14 80 64542 
8959 3 
14 150 22229 
8962 3 
16 505 13908 
8963 3 
16 594 84721 
8964 3 
18 622 70779 
8967 3 
15 515 92974 
8976 3 
16 507 71562 
8981 3 
10 787 90318 
8982 3 
18 108 33580 
8983 3 
17 246 17483 
8984 3 
16 335 40888 
8989 3 
14 104 74658 
8994 3 
12 255 36633 
8995 3 
19 625 89873 
8996 3 
13 162 54067 
8997 3 
15 552 35584 
8998 3 
10 777 48650 
9007 3 
10 786 42667 
9014 3 
10 914 23848 
9023 3 
20 539 16083 
9028 3 
12 286 34029 
9029 3 
15 851 3091 
9030 3 
10 388 87443 
9033 3 
17 627 22085 
9034 3 
14 509 27942 
9037 3 
19 642 2701 
9044 3 
13 543 62008 
9055 3 
19 423 56828 
9068 3 
20 440 37003 
9073 3 
12 510 92486 
9076 3 
12 440 52808 
9083 3 
14 747 23936 
9094 3 
15 893 70949 
9099 3 
12 925 33390 
9102 3 
15 671 72811 
9105 3 
18 842 37329 
9112 3 
19 121 98970 
9115 3 
19 200 83910 
9126 3 
17 486 40033 
9127 3 
19 345 34084 
9128 3 
19 661 85221 
9131 3 
14 510 23121 
9138 3 
15 810 8702 
9147 3 
13 745 51044 
9150 3 
18 42 30890 
9157 3 
20 331 73572 
9158 3 
10 164 69690 
9163 3 
15 363 80079 
9164 3 
15 856 85163 
9165 3 
20 99 43028 
9166 3 
11 790 59670 
9171 3 
16 397 75594 
9182 3 
18 21 78266 
9183 3 
11 407 3203 
9184 3 
20 861 82485 
9191 3 
13 625 19914 
9200 3 
19 288 26216 
9205 3 
17 431 89932 
9210 3 
19 14 70687 
9213 3 
14 744 73672 
9216 3 
14 790 31684 
9217 3 
15 570 84631 
9222 3 
13 713 69278 
9225 3 
11 849 68889 
9226 3 
10 378 82031 
9231 3 
15 678 90384 
9234 3 
17 937 1985 
9237 3 
15 896 32148 
9240 3 
15 947 91481 
9243 3 
12 396 33603 
9252 3 
15 570 72042 
9255 3 
16 651 58882 
9264 3 
20 501 64533 
9275 3 
10 682 69991 
9282 3 
12 963 62877 
9283 3 
13 846 23881 
9286 3 
19 19 56130 
9289 3 
14 990 35511 
9296 3 
12 715 93802 
9297 3 
12 766 81843 
9298 3 
11 363 15375 
9303 3 
14 572 96266 
9320 3 
10 662 11411 
9329 3 
12 584 80764 
9334 3 
13 906 49152 
9337 3 
11 416 42270 
9350 3 
15 224 72269 
9351 3 
12 791 45293 
9354 3 
18 86 5042 
9355 3 
17 939 62550 
9358 3 
12 956 80182 
9363 3 
10 985 57024 
9368 3 
15 294 45060 
9369 3 
16 551 53562 
9378 3 
19 533 8524 
9383 3 
13 523 74597 
9384 3 
19 132 91404 
9387 3 
17 253 40151 
9390 3 
14 340 61013 
9393 3 
16 128 48566 
9404 3 
16 473 17911 
9405 3 
17 764 29047 
9432 3 
16 40 95848 
9435 3 
13 440 59948 
9438 3 
10 569 20581 
9439 3 
14 596 18726 
9440 3 
12 378 29764 
9453 3 
16 315 90197 
9456 3 
17 980 19775 
9461 3 
19 790 13770 
9466 3 
19 249 45574 
9471 3 
12 491 47592 
9476 3 
20 636 79457 
9477 3 
10 590 54561 
9478 3 
14 446 11499 
9481 3 
13 72 43019 
9482 3 
15 144 5623 
9485 3 
11 117 76926 
9490 3 
15 554 9912 
9491 3 
18 139 83076 
9494 3 
11 165 28596 
9503 3 
10 983 53373 
9504 3 
14 636 55898 
9511 3 
16 615 97944 
9514 3 
15 951 57920 
9517 3 
14 560 93004 
9518 3 
16 31 20599 
9519 3 
18 832 7944 
9526 3 
20 209 69148 
9529 3 
17 555 2547 
9538 3 
19 494 85189 
9539 3 
17 830 81477 
9540 3 
15 113 17633 
9543 3 
20 849 77499 
9546 3 
19 783 91633 
9547 3 
15 56 86934 
9558 3 
16 323 26932 
9561 3 
11 360 86521 
9562 3 
12 289 59405 
9565 3 
15 78 87803 
9568 3 
12 504 67658 
9571 3 
11 716 24278 
9584 3 
18 383 68664 
9585 3 
18 856 51424 
9586 3 
14 648 62835 
9589 3 
19 207 12915 
9590 3 
18 316 97052 
9593 3 
11 911 49162 
9594 3 
10 106 90241 
9595 3 
17 762 94074 
9596 3 
15 313 48153 
9605 3 
11 145 1956 
9612 3 
19 622 79548 
9623 3 
15 900 39884 
9628 3 
15 153 12058 
9637 3 
10 899 7896 
9638 3 
17 742 52965 
9639 3 
11 456 37735 
9650 3 
11 719 97328 
9651 3 
18 164 85611 
9654 3 
14 922 10344 
9663 3 
12 926 89304 
9668 3 
17 702 2590 
9669 3 
14 36 86603 
9682 3 
19 461 88622 
9693 3 
14 564 73928 
9694 3 
19 539 4735 
9697 3 
12 211 10411 
9700 3 
19 724 50915 
9709 3 
19 162 18518 
9710 3 
15 848 95399 
9729 3 
15 959 76243 
9732 3 
12 310 20965 
9745 3 
19 306 36878 
9748 3 
12 656 42609 
9749 3 
19 745 22136 
9756 3 
17 355 74720 
9757 3 
10 140 21171 
9758 3 
10 148 43403 
9761 3 
10 60 39338 
9770 3 
13 912 82717 
9771 3 
20 619 78427 
9778 3 
19 415 21720 
9787 3 
14 253 51924 
9790 3 
14 433 18748 
9801 3 
14 287 40809 
9808 3 
13 771 45812 
9819 3 
10 350 45177 
9822 3 
10 361 68234 
9827 3 
17 247 43701 
9828 3 
16 915 94946 
9829 3 
14 767 12827 
9838 3 
13 318 22383 
9839 3 
14 980 5137 
9848 3 
15 255 4787 
9851 3 
14 961 87213 
9854 3 
19 37 14904 
9855 3 
15 163 29994 
9860 3 
19 412 79725 
9865 3 
14 911 8653 
9866 3 
16 804 11913 
9869 3 
14 312 80789 
9870 3 
14 772 20212 
9875 3 
12 16 26755 
9878 3 
17 761 42482 
9879 3 
20 903 2052 
9880 3 
16 213 33123 
9883 3 
17 918 11941 
9886 3 
15 202 10015 
9893 3 
18 686 77654 
9894 3 
20 394 41580 
9897 3 
19 998 46411 
9898 3 
10 259 48754 
9899 3 
12 743 24654 
9900 3 
10 499 31589 
9913 3 
18 600 58457 
9916 3 
18 706 4460 
9921 3 
16 801 26498 
9922 3 
19 172 22038 
9923 3 
12 591 44543 
9924 3 
18 940 20379 
9931 3 
17 958 33735 
9936 3 
17 282 56646 
9939 3 
13 385 12083 
9944 3 
14 309 76285 
9959 3 
11 279 96446 
9970 3 
15 109 32655 
9973 3 
17 224 24287 
9978 3 
20 307 50009 
9983 3 
10 221 96947 
